<?xml version="1.0" encoding="UTF-8"?>
<!-- Generated by org.testng.reporters.JUnitReportReporter -->
<testsuite hostname="DESKTOP-06RSO18" failures="0" tests="1" name="testNG.FileuploadPgrm" time="42.122" errors="0" timestamp="2024-10-07T10:51:47 IST" skipped="0">
  <testcase classname="testNG.FileuploadPgrm" name="test" time="42.122"/>
  <system-out/>
</testsuite> <!-- testNG.FileuploadPgrm -->
