<?xml version="1.0" encoding="UTF-8"?>
<!-- Generated by org.testng.reporters.JUnitReportReporter -->
<testsuite hostname="DESKTOP-06RSO18" failures="0" tests="1" name="testNG.ParametersTestNG" time="0.021" errors="0" timestamp="2024-09-30T10:58:41 IST" skipped="0">
  <testcase classname="testNG.ParametersTestNG" name="main" time="0.021"/>
  <system-out/>
</testsuite> <!-- testNG.ParametersTestNG -->
