<?xml version="1.0" encoding="UTF-8"?>
<!-- Generated by org.testng.reporters.JUnitReportReporter -->
<testsuite hostname="DESKTOP-06RSO18" failures="0" tests="1" name="testNG.RightclickDoubleclickTask" time="20.710" errors="0" timestamp="2024-10-04T10:51:40 IST" skipped="0">
  <testcase classname="testNG.RightclickDoubleclickTask" name="test1" time="20.710"/>
  <system-out/>
</testsuite> <!-- testNG.RightclickDoubleclickTask -->
