<?xml version="1.0" encoding="UTF-8"?>
<!-- Generated by org.testng.reporters.JUnitReportReporter -->
<testsuite hostname="DESKTOP-06RSO18" failures="0" tests="1" name="test.FBlogintest1" time="10.266" errors="0" timestamp="2024-10-17T21:00:41 IST" skipped="0">
  <testcase classname="test.FBlogintest1" name="testlogin" time="10.266"/>
  <system-out/>
</testsuite> <!-- test.FBlogintest1 -->
