<?xml version="1.0" encoding="UTF-8"?>
<!-- Generated by org.testng.reporters.JUnitReportReporter -->
<testsuite hostname="DESKTOP-06RSO18" failures="0" tests="1" name="testNG.WindowHandlePgrm" time="66.047" errors="0" timestamp="2024-10-14T10:36:01 IST" skipped="0">
  <testcase classname="testNG.WindowHandlePgrm" name="test" time="66.047"/>
  <system-out/>
</testsuite> <!-- testNG.WindowHandlePgrm -->
