<?xml version="1.0" encoding="UTF-8"?>
<!-- Generated by org.testng.reporters.JUnitReportReporter -->
<testsuite hostname="DESKTOP-06RSO18" failures="0" tests="1" name="testNG.ActionsPgrm" time="13.295" errors="0" timestamp="2024-10-03T10:17:26 IST" skipped="0">
  <testcase classname="testNG.ActionsPgrm" name="test1" time="13.295"/>
  <system-out/>
</testsuite> <!-- testNG.ActionsPgrm -->
