<?xml version="1.0" encoding="UTF-8"?>
<!-- Generated by org.testng.reporters.JUnitReportReporter -->
<testsuite hostname="DESKTOP-06RSO18" failures="0" tests="1" name="testNG.RishiherbalTask" time="50.526" errors="0" timestamp="2024-10-16T15:15:23 IST" skipped="0">
  <testcase classname="testNG.RishiherbalTask" name="test" time="50.526"/>
  <system-out/>
</testsuite> <!-- testNG.RishiherbalTask -->
