<?xml version="1.0" encoding="UTF-8"?>
<!-- Generated by org.testng.reporters.JUnitReportReporter -->
<testsuite hostname="DESKTOP-06RSO18" failures="0" tests="1" name="testNG.ActionsTask1" time="48.564" errors="0" timestamp="2024-10-03T11:01:26 IST" skipped="0">
  <testcase classname="testNG.ActionsTask1" name="test1" time="48.564"/>
  <system-out/>
</testsuite> <!-- testNG.ActionsTask1 -->
