<?xml version="1.0" encoding="UTF-8"?>
<!-- Generated by org.testng.reporters.JUnitReportReporter -->
<testsuite hostname="DESKTOP-06RSO18" failures="0" tests="1" name="test.Fblogintest" time="16.362" errors="0" timestamp="2024-10-17T00:15:16 IST" skipped="0">
  <testcase classname="test.Fblogintest" name="testlogin" time="16.362"/>
  <system-out/>
</testsuite> <!-- test.Fblogintest -->
