<?xml version="1.0" encoding="UTF-8"?>
<!-- Generated by org.testng.reporters.JUnitReportReporter -->
<testsuite hostname="DESKTOP-06RSO18" failures="0" tests="1" name="testNG.ScrolldownPgrm" time="22.224" errors="0" timestamp="2024-10-01T11:41:31 IST" skipped="0">
  <testcase classname="testNG.ScrolldownPgrm" name="test1" time="22.224"/>
  <system-out/>
</testsuite> <!-- testNG.ScrolldownPgrm -->
