<?xml version="1.0" encoding="UTF-8"?>
<!-- Generated by org.testng.reporters.JUnitReportReporter -->
<testsuite hostname="DESKTOP-06RSO18" failures="0" tests="4" name="seleniumproject.TestNGdemo" time="0.057" errors="0" timestamp="2024-09-28T11:03:38 IST" skipped="1">
  <testcase classname="seleniumproject.TestNGdemo" name="test2" time="0.020"/>
  <system-out/>
  <testcase classname="seleniumproject.TestNGdemo" name="test2" time="0.016"/>
  <system-out/>
  <testcase classname="seleniumproject.TestNGdemo" name="test1" time="0.021"/>
  <system-out/>
  <testcase classname="seleniumproject.TestNGdemo" name="test3">
    <skipped/>
  </testcase> <!-- test3 -->
  <system-out/>
</testsuite> <!-- seleniumproject.TestNGdemo -->
