<?xml version="1.0" encoding="UTF-8"?>
<!-- Generated by org.testng.reporters.JUnitReportReporter -->
<testsuite hostname="DESKTOP-06RSO18" failures="0" tests="1" name="testNG.NotificationHandlingPgrm" time="35.557" errors="0" timestamp="2024-10-18T00:17:45 IST" skipped="0">
  <testcase classname="testNG.NotificationHandlingPgrm" name="test" time="35.557"/>
  <system-out/>
</testsuite> <!-- testNG.NotificationHandlingPgrm -->
