<?xml version="1.0" encoding="UTF-8"?>
<!-- Generated by org.testng.reporters.JUnitReportReporter -->
<testsuite hostname="DESKTOP-06RSO18" failures="0" tests="1" name="testNG.ActionsTaskEbay" time="13.030" errors="0" timestamp="2024-10-04T11:04:36 IST" skipped="0">
  <testcase classname="testNG.ActionsTaskEbay" name="test" time="13.030"/>
  <system-out/>
</testsuite> <!-- testNG.ActionsTaskEbay -->
