<?xml version="1.0" encoding="UTF-8"?>
<!-- Generated by org.testng.reporters.JUnitReportReporter -->
<testsuite hostname="DESKTOP-06RSO18" failures="0" tests="1" name="testNG.DatadrivenTesting" time="16.612" errors="0" timestamp="2024-10-14T07:25:24 IST" skipped="0">
  <testcase classname="testNG.DatadrivenTesting" name="main" time="16.612"/>
  <system-out/>
</testsuite> <!-- testNG.DatadrivenTesting -->
