<?xml version="1.0" encoding="UTF-8"?>
<!-- Generated by org.testng.reporters.JUnitReportReporter -->
<testsuite hostname="DESKTOP-06RSO18" failures="0" tests="5" name="testNG.TestNGGrouping" time="0.060" errors="0" timestamp="2024-09-30T10:36:38 IST" skipped="0">
  <testcase classname="testNG.TestNGGrouping" name="main1" time="0.028"/>
  <system-out/>
  <testcase classname="testNG.TestNGGrouping" name="main4" time="0.008"/>
  <system-out/>
  <testcase classname="testNG.TestNGGrouping" name="main5" time="0.006"/>
  <system-out/>
  <testcase classname="testNG.TestNGGrouping" name="main3" time="0.006"/>
  <system-out/>
  <testcase classname="testNG.TestNGGrouping" name="main2" time="0.012"/>
  <system-out/>
</testsuite> <!-- testNG.TestNGGrouping -->
