<?xml version="1.0" encoding="UTF-8"?>
<!-- Generated by org.testng.reporters.JUnitReportReporter -->
<testsuite hostname="DESKTOP-06RSO18" failures="0" tests="1" name="testpkg.Fbtest" time="44.241" errors="0" timestamp="2024-10-17T00:42:47 IST" skipped="0">
  <testcase classname="testpkg.Fbtest" name="verifyLoginWithValidCred" time="44.241"/>
  <system-out/>
</testsuite> <!-- testpkg.Fbtest -->
