<?xml version="1.0" encoding="UTF-8"?>
<!-- Generated by org.testng.reporters.JUnitReportReporter -->
<testsuite hostname="DESKTOP-06RSO18" failures="0" tests="1" name="testNG.FileuploadPgrm2" time="9.129" errors="0" timestamp="2024-10-07T11:20:32 IST" skipped="0">
  <testcase classname="testNG.FileuploadPgrm2" name="test" time="9.129"/>
  <system-out/>
</testsuite> <!-- testNG.FileuploadPgrm2 -->
