<?xml version="1.0" encoding="UTF-8"?>
<!-- Generated by org.testng.reporters.JUnitReportReporter -->
<testsuite hostname="DESKTOP-06RSO18" failures="0" tests="1" name="assignments.AmazonAssertTask" time="69.450" errors="0" timestamp="2024-10-20T22:03:34 IST" skipped="0">
  <testcase classname="assignments.AmazonAssertTask" name="test" time="69.450"/>
  <system-out/>
</testsuite> <!-- assignments.AmazonAssertTask -->
