<?xml version="1.0" encoding="UTF-8"?>
<!-- Generated by org.testng.reporters.JUnitReportReporter -->
<testsuite hostname="DESKTOP-06RSO18" failures="0" tests="1" name="testNG.DatadrivenTestTask1" time="20.341" errors="0" timestamp="2024-10-16T15:57:08 IST" skipped="0">
  <testcase classname="testNG.DatadrivenTestTask1" name="test" time="20.341"/>
  <system-out/>
</testsuite> <!-- testNG.DatadrivenTestTask1 -->
